<?xml version="1.0" encoding="UTF-8"?>
<testsuites>
  <testsuite id="0" name="/Users/simonhowden/projects/reactjs/src/__tests__/SDKSwitch.spec.js" errors="0" package="/Users/simonhowden/projects/reactjs/src/__tests__/SDKSwitch.spec.js" hostname="localhost" tests="1" failures="0" time="0.693" timestamp="2022-01-19T17:23:15">
    <properties>
    </properties>
    <testcase classname="Switch tests" name="Switches render" time="0">
    </testcase>
    <system-out/>
    <system-err/>
  </testsuite>
  <testsuite id="1" name="/Users/simonhowden/projects/reactjs/src/__tests__/Home.spec.js" errors="0" package="/Users/simonhowden/projects/reactjs/src/__tests__/Home.spec.js" hostname="localhost" tests="1" failures="0" time="1.016" timestamp="2022-01-19T17:23:15">
    <properties>
    </properties>
    <testcase classname="App starts" name="Home renders" time="0">
    </testcase>
    <system-out/>
    <system-err/>
  </testsuite>
</testsuites>